2020-06-18 11:59:59 [restartedMain] INFO  com.rajan.aumsapi.AumsApplication - Starting AumsApplication on LAPTOP-GPK039R8 with PID 10356 (C:\Users\SANDEEP KUMAR\Desktop\Java\AUMS\target\classes started by SANDEEP KUMAR in C:\Users\SANDEEP KUMAR\Desktop\Java\AUMS)
2020-06-18 11:59:59 [restartedMain] DEBUG com.rajan.aumsapi.AumsApplication - Running with Spring Boot v2.3.0.RELEASE, Spring v5.2.6.RELEASE
2020-06-18 11:59:59 [restartedMain] INFO  com.rajan.aumsapi.AumsApplication - No active profile set, falling back to default profiles: default
2020-06-18 11:59:59 [restartedMain] INFO  o.s.b.d.e.DevToolsPropertyDefaultsPostProcessor - Devtools property defaults active! Set 'spring.devtools.add-properties' to 'false' to disable
2020-06-18 11:59:59 [restartedMain] INFO  o.s.b.d.e.DevToolsPropertyDefaultsPostProcessor - For additional web related logging consider setting the 'logging.level.web' property to 'DEBUG'
2020-06-18 12:00:00 [restartedMain] INFO  o.s.d.r.c.RepositoryConfigurationDelegate - Bootstrapping Spring Data JDBC repositories in DEFAULT mode.
2020-06-18 12:00:00 [restartedMain] INFO  o.s.d.r.c.RepositoryConfigurationDelegate - Finished Spring Data repository scanning in 52ms. Found 0 JDBC repository interfaces.
2020-06-18 12:00:01 [restartedMain] INFO  o.s.b.w.e.tomcat.TomcatWebServer - Tomcat initialized with port(s): 8080 (http)
2020-06-18 12:00:01 [restartedMain] INFO  o.a.catalina.core.StandardService - Starting service [Tomcat]
2020-06-18 12:00:01 [restartedMain] INFO  o.a.catalina.core.StandardEngine - Starting Servlet engine: [Apache Tomcat/9.0.35]
2020-06-18 12:00:02 [restartedMain] INFO  o.a.c.c.C.[Tomcat].[localhost].[/] - Initializing Spring embedded WebApplicationContext
2020-06-18 12:00:02 [restartedMain] INFO  o.s.s.c.ThreadPoolTaskExecutor - Initializing ExecutorService 'applicationTaskExecutor'
2020-06-18 12:00:03 [restartedMain] INFO  com.zaxxer.hikari.HikariDataSource - HikariPool-1 - Starting...
2020-06-18 12:00:04 [restartedMain] INFO  com.zaxxer.hikari.HikariDataSource - HikariPool-1 - Start completed.
2020-06-18 12:00:04 [restartedMain] INFO  o.s.b.d.a.OptionalLiveReloadServer - LiveReload server is running on port 35729
2020-06-18 12:00:04 [restartedMain] INFO  o.s.b.w.e.tomcat.TomcatWebServer - Tomcat started on port(s): 8080 (http) with context path ''
2020-06-18 12:00:04 [restartedMain] INFO  com.rajan.aumsapi.AumsApplication - Started AumsApplication in 6.288 seconds (JVM running for 13.256)
2020-06-18 12:04:18 [http-nio-8080-exec-1] INFO  o.a.c.c.C.[Tomcat].[localhost].[/] - Initializing Spring DispatcherServlet 'dispatcherServlet'
2020-06-18 12:04:18 [http-nio-8080-exec-1] INFO  com.rajan.aumsapi.AumsApplication - User Request LogIn ->rajan.laskotra@accoliteindia.com
2020-06-18 12:04:18 [http-nio-8080-exec-2] INFO  com.rajan.aumsapi.AumsApplication - Fetched All Courses.
2020-06-18 12:04:19 [http-nio-8080-exec-1] ERROR com.rajan.aumsapi.AumsApplication - User Not Valid! => rajan.laskotra@accoliteindia.com
2020-06-18 12:05:10 [http-nio-8080-exec-4] INFO  com.rajan.aumsapi.AumsApplication - Fetched All Courses.
2020-06-18 12:07:00 [http-nio-8080-exec-8] INFO  com.rajan.aumsapi.AumsApplication - User Request LogIn ->rajan.laskotra@accoliteindia.com
2020-06-18 12:07:00 [http-nio-8080-exec-8] ERROR com.rajan.aumsapi.AumsApplication - User Not Valid! => rajan.laskotra@accoliteindia.com
2020-06-18 12:07:00 [http-nio-8080-exec-9] INFO  com.rajan.aumsapi.AumsApplication - Fetched All Courses.
2020-06-18 12:07:33 [http-nio-8080-exec-1] INFO  com.rajan.aumsapi.AumsApplication - User Request LogIn ->rajanlaskotra78@gmail.com
2020-06-18 12:07:33 [http-nio-8080-exec-3] INFO  com.rajan.aumsapi.AumsApplication - Fetched All Courses.
2020-06-18 12:07:51 [http-nio-8080-exec-4] INFO  com.rajan.aumsapi.AumsApplication - Fetched All Courses.
2020-06-18 12:13:09 [http-nio-8080-exec-8] INFO  com.rajan.aumsapi.AumsApplication - Fetched All Courses.
2020-06-18 12:13:14 [http-nio-8080-exec-9] INFO  com.rajan.aumsapi.AumsApplication - Fetched All Courses.
2020-06-18 12:13:56 [http-nio-8080-exec-3] INFO  com.rajan.aumsapi.AumsApplication - User Request LogIn ->rajanlaskotra78@gmail.com
2020-06-18 12:13:56 [http-nio-8080-exec-2] INFO  com.rajan.aumsapi.AumsApplication - Fetched All Courses.
2020-06-18 12:13:58 [http-nio-8080-exec-6] INFO  com.rajan.aumsapi.AumsApplication - Fetched All Courses.
2020-06-18 12:14:14 [http-nio-8080-exec-7] INFO  com.rajan.aumsapi.AumsApplication - Fetched All Courses.
2020-06-18 12:14:15 [http-nio-8080-exec-10] INFO  com.rajan.aumsapi.AumsApplication - Fetched All Trainers.
2020-06-18 12:14:16 [http-nio-8080-exec-8] INFO  com.rajan.aumsapi.AumsApplication - Fetched Active Training Material.
2020-06-18 12:14:18 [http-nio-8080-exec-9] INFO  com.rajan.aumsapi.AumsApplication - Fetched All Trainers.
2020-06-18 12:14:19 [http-nio-8080-exec-1] INFO  com.rajan.aumsapi.AumsApplication - Fetched All Courses.
2020-06-18 12:14:22 [http-nio-8080-exec-3] INFO  com.rajan.aumsapi.AumsApplication - Fetched All Courses.
2020-06-18 12:14:25 [http-nio-8080-exec-2] INFO  com.rajan.aumsapi.AumsApplication - Fetched All Courses.
2020-06-18 12:14:30 [http-nio-8080-exec-4] INFO  com.rajan.aumsapi.AumsApplication - Fetched Active Training Material.
2020-06-18 12:14:31 [http-nio-8080-exec-6] INFO  com.rajan.aumsapi.AumsApplication - Fetched All Trainers.
2020-06-18 12:14:36 [http-nio-8080-exec-7] INFO  com.rajan.aumsapi.AumsApplication - Fetched All Courses.
2020-06-18 12:15:14 [http-nio-8080-exec-8] INFO  com.rajan.aumsapi.AumsApplication - Fetched All Courses.
2020-06-18 12:15:29 [http-nio-8080-exec-1] INFO  com.rajan.aumsapi.AumsApplication - Fetched All Courses.
2020-06-18 12:15:39 [http-nio-8080-exec-4] INFO  com.rajan.aumsapi.AumsApplication - Fetched All Courses.
2020-06-18 12:19:50 [http-nio-8080-exec-7] INFO  com.rajan.aumsapi.AumsApplication - User Request LogIn ->rajanlaskotra78@gmail.com
2020-06-18 12:19:50 [http-nio-8080-exec-10] INFO  com.rajan.aumsapi.AumsApplication - Fetched All Courses.
2020-06-18 12:20:32 [http-nio-8080-exec-9] INFO  com.rajan.aumsapi.AumsApplication - Fetched All Courses.
2020-06-18 12:21:08 [http-nio-8080-exec-2] INFO  com.rajan.aumsapi.AumsApplication - Fetched All Courses.
2020-06-18 12:21:18 [http-nio-8080-exec-6] INFO  com.rajan.aumsapi.AumsApplication - Fetched All Courses.
2020-06-18 12:21:40 [http-nio-8080-exec-7] INFO  com.rajan.aumsapi.AumsApplication - User Request LogIn ->rajanlaskotra78@gmail.com
2020-06-18 12:21:40 [http-nio-8080-exec-8] INFO  com.rajan.aumsapi.AumsApplication - Fetched All Courses.
2020-06-18 12:21:47 [http-nio-8080-exec-9] INFO  com.rajan.aumsapi.AumsApplication - Fetched Active Training Material.
2020-06-18 12:21:48 [http-nio-8080-exec-1] INFO  com.rajan.aumsapi.AumsApplication - Fetched All Trainers.
2020-06-18 12:21:48 [http-nio-8080-exec-3] INFO  com.rajan.aumsapi.AumsApplication - Fetched All Courses.
2020-06-18 12:21:58 [http-nio-8080-exec-2] INFO  com.rajan.aumsapi.AumsApplication - User Request LogIn ->rajan.laskotra@accoliteindia.com
2020-06-18 12:21:58 [http-nio-8080-exec-2] ERROR com.rajan.aumsapi.AumsApplication - User Not Valid! => rajan.laskotra@accoliteindia.com
2020-06-18 12:21:58 [http-nio-8080-exec-4] INFO  com.rajan.aumsapi.AumsApplication - Fetched All Courses.
2020-06-18 12:22:07 [http-nio-8080-exec-5] INFO  com.rajan.aumsapi.AumsApplication - Fetched Active Training Material.
2020-06-18 12:22:13 [http-nio-8080-exec-7] INFO  com.rajan.aumsapi.AumsApplication - Fetched All Courses.
2020-06-18 12:23:21 [RMI TCP Connection(2)-127.0.0.1] INFO  o.s.b.a.SpringApplicationAdminMXBeanRegistrar$SpringApplicationAdmin - Application shutdown requested.
2020-06-18 12:23:21 [RMI TCP Connection(2)-127.0.0.1] INFO  o.s.s.c.ThreadPoolTaskExecutor - Shutting down ExecutorService 'applicationTaskExecutor'
2020-06-18 12:23:21 [RMI TCP Connection(2)-127.0.0.1] INFO  com.zaxxer.hikari.HikariDataSource - HikariPool-1 - Shutdown initiated...
2020-06-18 12:23:21 [RMI TCP Connection(2)-127.0.0.1] INFO  com.zaxxer.hikari.HikariDataSource - HikariPool-1 - Shutdown completed.
